<?xml version="1.0" encoding="UTF-8"?>
<!-- Generated by org.testng.reporters.JUnitReportReporter -->
<testsuite hostname="yooinbeom-MacBookAir.local" failures="0" tests="1" name="com.example.SearchTestWithChromeMobile" time="11.141" errors="0" timestamp="04 3ì›” 2022 06:28:24 GMT" skipped="0">
  <testcase classname="com.example.SearchTestWithChromeMobile" name="searchProduct" time="11.141"/>
</testsuite> <!-- com.example.SearchTestWithChromeMobile -->
