<?xml version="1.0" encoding="UTF-8"?>
<!-- Generated by org.testng.reporters.JUnitReportReporter -->
<testsuite hostname="yooinbeom-MacBookAir.local" failures="0" tests="1" name="com.example.NavigationTest" time="9.100" errors="0" timestamp="25 2ì›” 2022 06:49:49 GMT" skipped="0">
  <testcase classname="com.example.NavigationTest" name="navigateToAUrl" time="9.100"/>
</testsuite> <!-- com.example.NavigationTest -->
