<?xml version="1.0" encoding="UTF-8"?>
<!-- Generated by org.testng.reporters.JUnitReportReporter -->
<testsuite hostname="yooinbeom-MacBookAir.local" failures="0" tests="1" name="com.example.NavigationTest" time="11.084" errors="0" timestamp="06 3ì›” 2022 12:26:56 GMT" skipped="0">
  <testcase classname="com.example.NavigationTest" name="navigateToAUrl" time="11.084"/>
</testsuite> <!-- com.example.NavigationTest -->
